<?xml version="1.0" encoding="UTF-8"?>
<!-- Generated by org.testng.reporters.JUnitXMLReporter -->
<testsuite hostname="HP-HP" name="Test" tests="1" failures="0" timestamp="22 Jul 2016 18:16:32 GMT" time="49.058" errors="0">
  <testcase name="@BeforeTest beforeTest" time="0.0" classname="example.NewTest">
    <failure type="org.openqa.selenium.WebDriverException" message="Failed to connect to binary FirefoxBinary(C:\Program Files (x86)\Mozilla Firefox\firefox.exe) on port 7055; process output follows: 
69211347160	addons.xpi	DEBUG	Skipping unavailable install location app-system-share
1469211347161	addons.xpi	DEBUG	Skipping unavailable install location app-system-local
1469211347161	addons.xpi	INFO	Mapping {2D3F3651-74B9-4795-BDEC-6DA2F431CB62} to C:\ProgramData\Norton\{0C55C096-0F1D-4F28-AAA2-85EF591126E7}\NIS_18.5.0.125\coFFPlgn_2011_7_13_2
1469211347161	addons.xpi	DEBUG	checkForChanges
1469211347162	addons.xpi	DEBUG	Loaded add-on state from prefs: {&amp;quot;app-profile&amp;quot;:{&amp;quot;fxdriver@googlecode.com&amp;quot;:{&amp;quot;d&amp;quot;:&amp;quot;C:\\Users\\HP\\AppData\\Local\\Temp\\anonymous3919897116414594460webdriver-profile\\extensions\\fxdriver@googlecode.com&amp;quot;,&amp;quot;e&amp;quot;:true,&amp;quot;v&amp;quot;:&amp;quot;2.44.0&amp;quot;,&amp;quot;st&amp;quot;:1469211344593,&amp;quot;mt&amp;quot;:1469211344545}},&amp;quot;app-global&amp;quot;:{&amp;quot;{82AF8DCA-6DE9-405D-BD5E-43525BDAD38A}&amp;quot;:{&amp;quot;d&amp;quot;:&amp;quot;C:\\Program Files (x86)\\Mozilla Firefox\\browser\\extensions\\{82AF8DCA-6DE9-405D-BD5E-43525BDAD38A}.xpi&amp;quot;,&amp;quot;e&amp;quot;:false,&amp;quot;v&amp;quot;:&amp;quot;8.3.0.9150&amp;quot;,&amp;quot;st&amp;quot;:1464149260000},&amp;quot;{972ce4c6-7e08-4474-a285-3208198ce6fd}&amp;quot;:{&amp;quot;d&amp;quot;:&amp;quot;C:\\Program Files (x86)\\Mozilla Firefox\\browser\\extensions\\{972ce4c6-7e08-4474-a285-3208198ce6fd}&amp;quot;,&amp;quot;e&amp;quot;:true,&amp;quot;v&amp;quot;:&amp;quot;37.0&amp;quot;,&amp;quot;st&amp;quot;:1469210697727,&amp;quot;mt&amp;quot;:1427426958000}},&amp;quot;winreg-app-global&amp;quot;:{&amp;quot;{2D3F3651-74B9-4795-BDEC-6DA2F431CB62}&amp;quot;:{&amp;quot;d&amp;quot;:&amp;quot;C:\\ProgramData\\Norton\\{0C55C096-0F1D-4F28-AAA2-85EF591126E7}\\NIS_18.5.0.125\\coFFPlgn_2011_7_13_2&amp;quot;,&amp;quot;e&amp;quot;:false,&amp;quot;v&amp;quot;:&amp;quot;2011.7.13.2&amp;quot;,&amp;quot;st&amp;quot;:1469200777746,&amp;quot;mt&amp;quot;:1469200777746}}}
1469211347163	addons.xpi	DEBUG	getModTime: Recursive scan of fxdriver@googlecode.com
1469211347171	addons.xpi	DEBUG	getModTime: Recursive scan of {972ce4c6-7e08-4474-a285-3208198ce6fd}
1469211347172	addons.xpi	DEBUG	getInstallState changed: false, state: {&amp;quot;app-profile&amp;quot;:{&amp;quot;fxdriver@googlecode.com&amp;quot;:{&amp;quot;d&amp;quot;:&amp;quot;C:\\Users\\HP\\AppData\\Local\\Temp\\anonymous3919897116414594460webdriver-profile\\extensions\\fxdriver@googlecode.com&amp;quot;,&amp;quot;e&amp;quot;:true,&amp;quot;v&amp;quot;:&amp;quot;2.44.0&amp;quot;,&amp;quot;st&amp;quot;:1469211344593,&amp;quot;mt&amp;quot;:1469211344545}},&amp;quot;app-global&amp;quot;:{&amp;quot;{82AF8DCA-6DE9-405D-BD5E-43525BDAD38A}&amp;quot;:{&amp;quot;d&amp;quot;:&amp;quot;C:\\Program Files (x86)\\Mozilla Firefox\\browser\\extensions\\{82AF8DCA-6DE9-405D-BD5E-43525BDAD38A}.xpi&amp;quot;,&amp;quot;e&amp;quot;:false,&amp;quot;v&amp;quot;:&amp;quot;8.3.0.9150&amp;quot;,&amp;quot;st&amp;quot;:1464149260000},&amp;quot;{972ce4c6-7e08-4474-a285-3208198ce6fd}&amp;quot;:{&amp;quot;d&amp;quot;:&amp;quot;C:\\Program Files (x86)\\Mozilla Firefox\\browser\\extensions\\{972ce4c6-7e08-4474-a285-3208198ce6fd}&amp;quot;,&amp;quot;e&amp;quot;:true,&amp;quot;v&amp;quot;:&amp;quot;37.0&amp;quot;,&amp;quot;st&amp;quot;:1469210697727,&amp;quot;mt&amp;quot;:1427426958000}},&amp;quot;winreg-app-global&amp;quot;:{&amp;quot;{2D3F3651-74B9-4795-BDEC-6DA2F431CB62}&amp;quot;:{&amp;quot;d&amp;quot;:&amp;quot;C:\\ProgramData\\Norton\\{0C55C096-0F1D-4F28-AAA2-85EF591126E7}\\NIS_18.5.0.125\\coFFPlgn_2011_7_13_2&amp;quot;,&amp;quot;e&amp;quot;:false,&amp;quot;v&amp;quot;:&amp;quot;2011.7.13.2&amp;quot;,&amp;quot;st&amp;quot;:1469200777746,&amp;quot;mt&amp;quot;:1469200777746}}}
1469211347174	addons.xpi	DEBUG	No changes found
1469211347177	addons.manager	DEBUG	Registering shutdown blocker for XPIProvider
1469211347178	addons.manager	DEBUG	Registering shutdown blocker for LightweightThemeManager
1469211347180	addons.manager	DEBUG	Registering shutdown blocker for GMPProvider
1469211347180	addons.manager	DEBUG	Registering shutdown blocker for PluginProvider
JavaScript error: file:///C:/Users/HP/AppData/Local/Temp/anonymous3919897116414594460webdriver-profile/extensions/fxdriver@googlecode.com/components/driver-component.js, line 11487: TypeError: this.server_ is undefined
JavaScript error: chrome://fxdriver/content/server.js, line 38: NS_ERROR_XPC_CI_RETURNED_FAILURE: Component returned failure code: 0x80570015 (NS_ERROR_XPC_CI_RETURNED_FAILURE) [nsIJSCID.createInstance]
*** Blocklist::_preloadBlocklistFile: blocklist is disabled
1469211348352	addons.manager	DEBUG	Registering shutdown blocker for &amp;lt;unnamed-provider&amp;gt;
1469211362728	addons.manager	DEBUG	shutdown
1469211362728	addons.manager	DEBUG	Calling shutdown blocker for XPIProvider
1469211362728	addons.xpi	DEBUG	shutdown
1469211362729	addons.xpi	DEBUG	Notifying XPI shutdown observers
1469211362729	addons.manager	DEBUG	Calling shutdown blocker for LightweightThemeManager
1469211362730	addons.manager	DEBUG	Calling shutdown blocker for GMPProvider
1469211362731	addons.manager	DEBUG	Calling shutdown blocker for PluginProvider
1469211362731	addons.manager	DEBUG	Calling shutdown blocker for &amp;lt;unnamed-provider&amp;gt;
1469211362739	addons.manager	DEBUG	Async provider shutdown done

Build info: version: &amp;apos;2.44.0&amp;apos;, revision: &amp;apos;76d78cf&amp;apos;, time: &amp;apos;2014-10-23 20:02:37&amp;apos;
System info: host: &amp;apos;HP-HP&amp;apos;, ip: &amp;apos;169.254.20.198&amp;apos;, os.name: &amp;apos;Windows 7&amp;apos;, os.arch: &amp;apos;amd64&amp;apos;, os.version: &amp;apos;6.1&amp;apos;, java.version: &amp;apos;1.7.0_75&amp;apos;
Driver info: driver.version: FirefoxDriver">
      <![CDATA[org.openqa.selenium.WebDriverException: Failed to connect to binary FirefoxBinary(C:\Program Files (x86)\Mozilla Firefox\firefox.exe) on port 7055; process output follows: 
69211347160	addons.xpi	DEBUG	Skipping unavailable install location app-system-share
1469211347161	addons.xpi	DEBUG	Skipping unavailable install location app-system-local
1469211347161	addons.xpi	INFO	Mapping {2D3F3651-74B9-4795-BDEC-6DA2F431CB62} to C:\ProgramData\Norton\{0C55C096-0F1D-4F28-AAA2-85EF591126E7}\NIS_18.5.0.125\coFFPlgn_2011_7_13_2
1469211347161	addons.xpi	DEBUG	checkForChanges
1469211347162	addons.xpi	DEBUG	Loaded add-on state from prefs: {"app-profile":{"fxdriver@googlecode.com":{"d":"C:\\Users\\HP\\AppData\\Local\\Temp\\anonymous3919897116414594460webdriver-profile\\extensions\\fxdriver@googlecode.com","e":true,"v":"2.44.0","st":1469211344593,"mt":1469211344545}},"app-global":{"{82AF8DCA-6DE9-405D-BD5E-43525BDAD38A}":{"d":"C:\\Program Files (x86)\\Mozilla Firefox\\browser\\extensions\\{82AF8DCA-6DE9-405D-BD5E-43525BDAD38A}.xpi","e":false,"v":"8.3.0.9150","st":1464149260000},"{972ce4c6-7e08-4474-a285-3208198ce6fd}":{"d":"C:\\Program Files (x86)\\Mozilla Firefox\\browser\\extensions\\{972ce4c6-7e08-4474-a285-3208198ce6fd}","e":true,"v":"37.0","st":1469210697727,"mt":1427426958000}},"winreg-app-global":{"{2D3F3651-74B9-4795-BDEC-6DA2F431CB62}":{"d":"C:\\ProgramData\\Norton\\{0C55C096-0F1D-4F28-AAA2-85EF591126E7}\\NIS_18.5.0.125\\coFFPlgn_2011_7_13_2","e":false,"v":"2011.7.13.2","st":1469200777746,"mt":1469200777746}}}
1469211347163	addons.xpi	DEBUG	getModTime: Recursive scan of fxdriver@googlecode.com
1469211347171	addons.xpi	DEBUG	getModTime: Recursive scan of {972ce4c6-7e08-4474-a285-3208198ce6fd}
1469211347172	addons.xpi	DEBUG	getInstallState changed: false, state: {"app-profile":{"fxdriver@googlecode.com":{"d":"C:\\Users\\HP\\AppData\\Local\\Temp\\anonymous3919897116414594460webdriver-profile\\extensions\\fxdriver@googlecode.com","e":true,"v":"2.44.0","st":1469211344593,"mt":1469211344545}},"app-global":{"{82AF8DCA-6DE9-405D-BD5E-43525BDAD38A}":{"d":"C:\\Program Files (x86)\\Mozilla Firefox\\browser\\extensions\\{82AF8DCA-6DE9-405D-BD5E-43525BDAD38A}.xpi","e":false,"v":"8.3.0.9150","st":1464149260000},"{972ce4c6-7e08-4474-a285-3208198ce6fd}":{"d":"C:\\Program Files (x86)\\Mozilla Firefox\\browser\\extensions\\{972ce4c6-7e08-4474-a285-3208198ce6fd}","e":true,"v":"37.0","st":1469210697727,"mt":1427426958000}},"winreg-app-global":{"{2D3F3651-74B9-4795-BDEC-6DA2F431CB62}":{"d":"C:\\ProgramData\\Norton\\{0C55C096-0F1D-4F28-AAA2-85EF591126E7}\\NIS_18.5.0.125\\coFFPlgn_2011_7_13_2","e":false,"v":"2011.7.13.2","st":1469200777746,"mt":1469200777746}}}
1469211347174	addons.xpi	DEBUG	No changes found
1469211347177	addons.manager	DEBUG	Registering shutdown blocker for XPIProvider
1469211347178	addons.manager	DEBUG	Registering shutdown blocker for LightweightThemeManager
1469211347180	addons.manager	DEBUG	Registering shutdown blocker for GMPProvider
1469211347180	addons.manager	DEBUG	Registering shutdown blocker for PluginProvider
JavaScript error: file:///C:/Users/HP/AppData/Local/Temp/anonymous3919897116414594460webdriver-profile/extensions/fxdriver@googlecode.com/components/driver-component.js, line 11487: TypeError: this.server_ is undefined
JavaScript error: chrome://fxdriver/content/server.js, line 38: NS_ERROR_XPC_CI_RETURNED_FAILURE: Component returned failure code: 0x80570015 (NS_ERROR_XPC_CI_RETURNED_FAILURE) [nsIJSCID.createInstance]
*** Blocklist::_preloadBlocklistFile: blocklist is disabled
1469211348352	addons.manager	DEBUG	Registering shutdown blocker for <unnamed-provider>
1469211362728	addons.manager	DEBUG	shutdown
1469211362728	addons.manager	DEBUG	Calling shutdown blocker for XPIProvider
1469211362728	addons.xpi	DEBUG	shutdown
1469211362729	addons.xpi	DEBUG	Notifying XPI shutdown observers
1469211362729	addons.manager	DEBUG	Calling shutdown blocker for LightweightThemeManager
1469211362730	addons.manager	DEBUG	Calling shutdown blocker for GMPProvider
1469211362731	addons.manager	DEBUG	Calling shutdown blocker for PluginProvider
1469211362731	addons.manager	DEBUG	Calling shutdown blocker for <unnamed-provider>
1469211362739	addons.manager	DEBUG	Async provider shutdown done

Build info: version: '2.44.0', revision: '76d78cf', time: '2014-10-23 20:02:37'
System info: host: 'HP-HP', ip: '169.254.20.198', os.name: 'Windows 7', os.arch: 'amd64', os.version: '6.1', java.version: '1.7.0_75'
Driver info: driver.version: FirefoxDriver
	at org.openqa.selenium.firefox.internal.NewProfileExtensionConnection.start(NewProfileExtensionConnection.java:130)
	at org.openqa.selenium.firefox.FirefoxDriver.startClient(FirefoxDriver.java:246)
	at org.openqa.selenium.remote.RemoteWebDriver.<init>(RemoteWebDriver.java:114)
	at org.openqa.selenium.firefox.FirefoxDriver.<init>(FirefoxDriver.java:193)
	at org.openqa.selenium.firefox.FirefoxDriver.<init>(FirefoxDriver.java:186)
	at org.openqa.selenium.firefox.FirefoxDriver.<init>(FirefoxDriver.java:182)
	at org.openqa.selenium.firefox.FirefoxDriver.<init>(FirefoxDriver.java:95)
	at example.NewTest.beforeTest(NewTest.java:26)
Caused by: org.openqa.selenium.firefox.NotConnectedException: Unable to connect to host 127.0.0.1 on port 7055 after 45000 ms. Firefox console output:
69211347160	addons.xpi	DEBUG	Skipping unavailable install location app-system-share
1469211347161	addons.xpi	DEBUG	Skipping unavailable install location app-system-local
1469211347161	addons.xpi	INFO	Mapping {2D3F3651-74B9-4795-BDEC-6DA2F431CB62} to C:\ProgramData\Norton\{0C55C096-0F1D-4F28-AAA2-85EF591126E7}\NIS_18.5.0.125\coFFPlgn_2011_7_13_2
1469211347161	addons.xpi	DEBUG	checkForChanges
1469211347162	addons.xpi	DEBUG	Loaded add-on state from prefs: {"app-profile":{"fxdriver@googlecode.com":{"d":"C:\\Users\\HP\\AppData\\Local\\Temp\\anonymous3919897116414594460webdriver-profile\\extensions\\fxdriver@googlecode.com","e":true,"v":"2.44.0","st":1469211344593,"mt":1469211344545}},"app-global":{"{82AF8DCA-6DE9-405D-BD5E-43525BDAD38A}":{"d":"C:\\Program Files (x86)\\Mozilla Firefox\\browser\\extensions\\{82AF8DCA-6DE9-405D-BD5E-43525BDAD38A}.xpi","e":false,"v":"8.3.0.9150","st":1464149260000},"{972ce4c6-7e08-4474-a285-3208198ce6fd}":{"d":"C:\\Program Files (x86)\\Mozilla Firefox\\browser\\extensions\\{972ce4c6-7e08-4474-a285-3208198ce6fd}","e":true,"v":"37.0","st":1469210697727,"mt":1427426958000}},"winreg-app-global":{"{2D3F3651-74B9-4795-BDEC-6DA2F431CB62}":{"d":"C:\\ProgramData\\Norton\\{0C55C096-0F1D-4F28-AAA2-85EF591126E7}\\NIS_18.5.0.125\\coFFPlgn_2011_7_13_2","e":false,"v":"2011.7.13.2","st":1469200777746,"mt":1469200777746}}}
1469211347163	addons.xpi	DEBUG	getModTime: Recursive scan of fxdriver@googlecode.com
1469211347171	addons.xpi	DEBUG	getModTime: Recursive scan of {972ce4c6-7e08-4474-a285-3208198ce6fd}
1469211347172	addons.xpi	DEBUG	getInstallState changed: false, state: {"app-profile":{"fxdriver@googlecode.com":{"d":"C:\\Users\\HP\\AppData\\Local\\Temp\\anonymous3919897116414594460webdriver-profile\\extensions\\fxdriver@googlecode.com","e":true,"v":"2.44.0","st":1469211344593,"mt":1469211344545}},"app-global":{"{82AF8DCA-6DE9-405D-BD5E-43525BDAD38A}":{"d":"C:\\Program Files (x86)\\Mozilla Firefox\\browser\\extensions\\{82AF8DCA-6DE9-405D-BD5E-43525BDAD38A}.xpi","e":false,"v":"8.3.0.9150","st":1464149260000},"{972ce4c6-7e08-4474-a285-3208198ce6fd}":{"d":"C:\\Program Files (x86)\\Mozilla Firefox\\browser\\extensions\\{972ce4c6-7e08-4474-a285-3208198ce6fd}","e":true,"v":"37.0","st":1469210697727,"mt":1427426958000}},"winreg-app-global":{"{2D3F3651-74B9-4795-BDEC-6DA2F431CB62}":{"d":"C:\\ProgramData\\Norton\\{0C55C096-0F1D-4F28-AAA2-85EF591126E7}\\NIS_18.5.0.125\\coFFPlgn_2011_7_13_2","e":false,"v":"2011.7.13.2","st":1469200777746,"mt":1469200777746}}}
1469211347174	addons.xpi	DEBUG	No changes found
1469211347177	addons.manager	DEBUG	Registering shutdown blocker for XPIProvider
1469211347178	addons.manager	DEBUG	Registering shutdown blocker for LightweightThemeManager
1469211347180	addons.manager	DEBUG	Registering shutdown blocker for GMPProvider
1469211347180	addons.manager	DEBUG	Registering shutdown blocker for PluginProvider
JavaScript error: file:///C:/Users/HP/AppData/Local/Temp/anonymous3919897116414594460webdriver-profile/extensions/fxdriver@googlecode.com/components/driver-component.js, line 11487: TypeError: this.server_ is undefined
JavaScript error: chrome://fxdriver/content/server.js, line 38: NS_ERROR_XPC_CI_RETURNED_FAILURE: Component returned failure code: 0x80570015 (NS_ERROR_XPC_CI_RETURNED_FAILURE) [nsIJSCID.createInstance]
*** Blocklist::_preloadBlocklistFile: blocklist is disabled
1469211348352	addons.manager	DEBUG	Registering shutdown blocker for <unnamed-provider>
1469211362728	addons.manager	DEBUG	shutdown
1469211362728	addons.manager	DEBUG	Calling shutdown blocker for XPIProvider
1469211362728	addons.xpi	DEBUG	shutdown
1469211362729	addons.xpi	DEBUG	Notifying XPI shutdown observers
1469211362729	addons.manager	DEBUG	Calling shutdown blocker for LightweightThemeManager
1469211362730	addons.manager	DEBUG	Calling shutdown blocker for GMPProvider
1469211362731	addons.manager	DEBUG	Calling shutdown blocker for PluginProvider
1469211362731	addons.manager	DEBUG	Calling shutdown blocker for <unnamed-provider>
1469211362739	addons.manager	DEBUG	Async provider shutdown done

	at org.openqa.selenium.firefox.internal.NewProfileExtensionConnection.start(NewProfileExtensionConnection.java:118)
	... 29 more
... Removed 22 stack frames]]>
    </failure>
  </testcase> <!-- @BeforeTest beforeTest -->
  <testcase name="@AfterTest afterTest" time="0.0" classname="example.NewTest">
    <skipped/>
  </testcase> <!-- @AfterTest afterTest -->
  <testcase name="testLogin" time="0.002" classname="example.NewTest">
    <skipped/>
  </testcase> <!-- testLogin -->
</testsuite> <!-- Test -->
